{
  "stats": {
    "suites": 13,
    "tests": 34,
    "passes": 34,
    "pending": 0,
    "failures": 0,
    "testsRegistered": 34,
    "passPercent": 100,
    "pendingPercent": 0,
    "other": 0,
    "hasOther": false,
    "skipped": 0,
    "hasSkipped": false,
    "start": "2023-08-07T08:15:21.732Z",
    "end": "2023-08-07T08:17:36.328Z",
    "duration": 134596
  },
  "results": [
    {
      "uuid": "021ab3d6-3850-45ec-bed1-89a7a30de807",
      "title": "",
      "fullFile": "cypress\\e2e\\webdriver-uni\\browser-navigation.js",
      "file": "cypress\\e2e\\webdriver-uni\\browser-navigation.js",
      "beforeHooks": [],
      "afterHooks": [],
      "tests": [],
      "suites": [
        {
          "uuid": "7be56c00-1bcd-4a3c-ade5-65355d623885",
          "title": "Validate webdriveruni homepage links",
          "fullFile": "",
          "file": "",
          "beforeHooks": [],
          "afterHooks": [],
          "tests": [
            {
              "title": "Confirm links redirect to the correct pages",
              "fullTitle": "Validate webdriveruni homepage links Confirm links redirect to the correct pages",
              "timedOut": null,
              "duration": 9871,
              "state": "passed",
              "speed": "medium",
              "pass": true,
              "fail": false,
              "pending": false,
              "context": null,
              "code": "cy.visit('/');\ncy.get('#contact-us').invoke('removeAttr', 'target').click({\n  force: true\n});\ncy.url().should('include', 'contactus');\ncy.go('back');\ncy.go('forward');\ncy.reload();\ncy.reload(true); //reload without cache\ncy.go('back');\ncy.get('#login-portal').invoke('removeAttr', 'target').click({\n  force: true\n});\ncy.url().should('include', 'Login-Portal');\ncy.go('back');\ncy.get('#to-do-list').invoke('removeAttr', 'target').click();\ncy.url().should('include', 'To-Do-List');\ncy.go('back');",
              "err": {},
              "uuid": "971376b8-deb0-4ff9-ae27-55680e2902b4",
              "parentUUID": "7be56c00-1bcd-4a3c-ade5-65355d623885",
              "isHook": false,
              "skipped": false
            }
          ],
          "suites": [],
          "passes": [
            "971376b8-deb0-4ff9-ae27-55680e2902b4"
          ],
          "failures": [],
          "pending": [],
          "skipped": [],
          "duration": 9871,
          "root": false,
          "rootEmpty": false,
          "_timeout": 2000
        }
      ],
      "passes": [],
      "failures": [],
      "pending": [],
      "skipped": [],
      "duration": 0,
      "root": true,
      "rootEmpty": true,
      "_timeout": 2000
    },
    {
      "uuid": "5a6cf49f-3eaf-44e2-8398-33cce6b85637",
      "title": "",
      "fullFile": "cypress\\e2e\\webdriver-uni\\checkboxes.js",
      "file": "cypress\\e2e\\webdriver-uni\\checkboxes.js",
      "beforeHooks": [],
      "afterHooks": [],
      "tests": [],
      "suites": [
        {
          "uuid": "159750cf-b15d-41db-8565-9d08b80344d2",
          "title": "Verify checboxes via webdriveruni",
          "fullFile": "",
          "file": "",
          "beforeHooks": [],
          "afterHooks": [],
          "tests": [
            {
              "title": "Check and validate checkbox",
              "fullTitle": "Verify checboxes via webdriveruni Check and validate checkbox",
              "timedOut": null,
              "duration": 2944,
              "state": "passed",
              "speed": "fast",
              "pass": true,
              "fail": false,
              "pending": false,
              "context": null,
              "code": "cy.get('#checkboxes > :nth-child(1) > input').check().should('be.checked');\ncy.get(':nth-child(3) > input').should('not.be.checked');",
              "err": {},
              "uuid": "2ce924d7-361d-4306-af08-b0c9753e2805",
              "parentUUID": "159750cf-b15d-41db-8565-9d08b80344d2",
              "isHook": false,
              "skipped": false
            },
            {
              "title": "Uncheck and validate checkbox",
              "fullTitle": "Verify checboxes via webdriveruni Uncheck and validate checkbox",
              "timedOut": null,
              "duration": 1406,
              "state": "passed",
              "speed": "fast",
              "pass": true,
              "fail": false,
              "pending": false,
              "context": null,
              "code": "cy.get(':nth-child(5) > input').uncheck().should('not.be.checked');",
              "err": {},
              "uuid": "7016d717-5f04-4143-b215-5ba7f287e145",
              "parentUUID": "159750cf-b15d-41db-8565-9d08b80344d2",
              "isHook": false,
              "skipped": false
            },
            {
              "title": "Check multiple checkboxes",
              "fullTitle": "Verify checboxes via webdriveruni Check multiple checkboxes",
              "timedOut": null,
              "duration": 1336,
              "state": "passed",
              "speed": "fast",
              "pass": true,
              "fail": false,
              "pending": false,
              "context": null,
              "code": "cy.get(\"input[type='checkbox']\").check([\"option-1\", \"option-2\", \"option-3\", \"option-4\"]).should('be.checked');",
              "err": {},
              "uuid": "26e3f1d2-5234-4381-b573-9782d259a382",
              "parentUUID": "159750cf-b15d-41db-8565-9d08b80344d2",
              "isHook": false,
              "skipped": false
            }
          ],
          "suites": [],
          "passes": [
            "2ce924d7-361d-4306-af08-b0c9753e2805",
            "7016d717-5f04-4143-b215-5ba7f287e145",
            "26e3f1d2-5234-4381-b573-9782d259a382"
          ],
          "failures": [],
          "pending": [],
          "skipped": [],
          "duration": 5686,
          "root": false,
          "rootEmpty": false,
          "_timeout": 2000
        }
      ],
      "passes": [],
      "failures": [],
      "pending": [],
      "skipped": [],
      "duration": 0,
      "root": true,
      "rootEmpty": true,
      "_timeout": 2000
    },
    {
      "uuid": "585ab1eb-a82e-493e-b511-745c0daeb16f",
      "title": "",
      "fullFile": "cypress\\e2e\\webdriver-uni\\contact-us.js",
      "file": "cypress\\e2e\\webdriver-uni\\contact-us.js",
      "beforeHooks": [],
      "afterHooks": [],
      "tests": [],
      "suites": [
        {
          "uuid": "930a9b6a-5823-4c65-be4b-c694f0e0ced8",
          "title": "Test Contact Us form via WebdriverUni",
          "fullFile": "",
          "file": "",
          "beforeHooks": [],
          "afterHooks": [],
          "tests": [
            {
              "title": "Should be able to submit a successful submission via Contact Us form",
              "fullTitle": "Test Contact Us form via WebdriverUni Should be able to submit a successful submission via Contact Us form",
              "timedOut": null,
              "duration": 7112,
              "state": "passed",
              "speed": "medium",
              "pass": true,
              "fail": false,
              "pending": false,
              "context": null,
              "code": "//use .document() to access html document elements - https://docs.cypress.io/api/commands/document#Syntax\ncy.document().should('have.property', 'charset').and('eql', 'UTF-8');\n//use .title() to yeild the title of the page - https://docs.cypress.io/api/commands/title#Syntax\ncy.title().should('include', 'WebDriver');\n//use .url() to yeild the url of the page - https://docs.cypress.io/api/commands/url#Syntax\ncy.url().should('include', 'webdriver');\n//click({force:true}) will click on the element even if it is not visible\n//cy.get('#contact-us').click({force:true});\ncontactus.contactUs_Submission(Cypress.env('first_name'), 'Kamat', 'rahulabhaykamat@gmail.com', 'entered through Cypress', 'h1', 'Thank You for your Message!');\n// following code will trigger the function from support > commands.js file\n// cy.webdriverUniContactFormSubmission(Cypress.env('first_name'),'Kamat','rahulabhaykamat@gmail.com',\n// 'entered through Cypress','h1','Thank You for your Message!')",
              "err": {},
              "uuid": "c36b378b-c1fc-49eb-8ae5-f49a62bdb734",
              "parentUUID": "930a9b6a-5823-4c65-be4b-c694f0e0ced8",
              "isHook": false,
              "skipped": false
            },
            {
              "title": "Should not be able to submit a successful submission via Contact Us form as all fields are required",
              "fullTitle": "Test Contact Us form via WebdriverUni Should not be able to submit a successful submission via Contact Us form as all fields are required",
              "timedOut": null,
              "duration": 2673,
              "state": "passed",
              "speed": "fast",
              "pass": true,
              "fail": false,
              "pending": false,
              "context": null,
              "code": "// cy.visit('/Contact-Us/contactus.html');\ncy.webdriverUniContactFormSubmission('Rahul', 'Kamat', ' ', 'entered through Cypress', 'body', 'Error: Invalid email address');",
              "err": {},
              "uuid": "3ad18e86-2e5c-430d-ae53-ee25dadbcc6f",
              "parentUUID": "930a9b6a-5823-4c65-be4b-c694f0e0ced8",
              "isHook": false,
              "skipped": false
            }
          ],
          "suites": [],
          "passes": [
            "c36b378b-c1fc-49eb-8ae5-f49a62bdb734",
            "3ad18e86-2e5c-430d-ae53-ee25dadbcc6f"
          ],
          "failures": [],
          "pending": [],
          "skipped": [],
          "duration": 9785,
          "root": false,
          "rootEmpty": false,
          "_timeout": 2000
        }
      ],
      "passes": [],
      "failures": [],
      "pending": [],
      "skipped": [],
      "duration": 0,
      "root": true,
      "rootEmpty": true,
      "_timeout": 2000
    },
    {
      "uuid": "d788bf08-4f57-422f-a0d9-d435bcb32c0d",
      "title": "",
      "fullFile": "cypress\\e2e\\webdriver-uni\\data-tables.js",
      "file": "cypress\\e2e\\webdriver-uni\\data-tables.js",
      "beforeHooks": [],
      "afterHooks": [],
      "tests": [],
      "suites": [
        {
          "uuid": "0454f9d2-11c8-4ed9-90e0-35d3aea71c6d",
          "title": "Handling data via webdriveruni",
          "fullFile": "",
          "file": "",
          "beforeHooks": [],
          "afterHooks": [],
          "tests": [
            {
              "title": "calculate and assert the total age of all users",
              "fullTitle": "Handling data via webdriveruni calculate and assert the total age of all users",
              "timedOut": null,
              "duration": 5110,
              "state": "passed",
              "speed": "medium",
              "pass": true,
              "fail": false,
              "pending": false,
              "context": null,
              "code": "var userDetails = [];\ncy.get('#thumbnail-1 td').each(function ($el, index, $list) {\n  cy.log($el.text());\n  userDetails[index] = $el.text();\n}).then(function () {\n  var i;\n  var numb = 0;\n  for (i = 0; i < userDetails.length; i++) {\n    //checks if value of the array is Number or not\n    if (Number(userDetails[i])) {\n      numb += Number(userDetails[i]);\n    }\n  }\n  expect(numb).to.eq(322);\n});",
              "err": {},
              "uuid": "a9e10613-6321-4217-8b83-fcb59ec87bcf",
              "parentUUID": "0454f9d2-11c8-4ed9-90e0-35d3aea71c6d",
              "isHook": false,
              "skipped": false
            },
            {
              "title": "calculate and assert the age of a given user based on the Last name",
              "fullTitle": "Handling data via webdriveruni calculate and assert the age of a given user based on the Last name",
              "timedOut": null,
              "duration": 1273,
              "state": "passed",
              "speed": "fast",
              "pass": true,
              "fail": false,
              "pending": false,
              "context": null,
              "code": "cy.get('#thumbnail-1 td:nth-child(2)').each(function ($elm, index, $list) {\n  if ($elm.text() === 'Woods') {\n    //next() method moves nth-child(from '2' to '3')\n    cy.get('#thumbnail-1 td:nth-child(2)').eq(index).next().then(function (age) {\n      expect(age.text()).to.eq('80');\n    });\n  }\n});",
              "err": {},
              "uuid": "599144e8-c01c-4ee9-b80e-8592714237b0",
              "parentUUID": "0454f9d2-11c8-4ed9-90e0-35d3aea71c6d",
              "isHook": false,
              "skipped": false
            }
          ],
          "suites": [],
          "passes": [
            "a9e10613-6321-4217-8b83-fcb59ec87bcf",
            "599144e8-c01c-4ee9-b80e-8592714237b0"
          ],
          "failures": [],
          "pending": [],
          "skipped": [],
          "duration": 6383,
          "root": false,
          "rootEmpty": false,
          "_timeout": 2000
        }
      ],
      "passes": [],
      "failures": [],
      "pending": [],
      "skipped": [],
      "duration": 0,
      "root": true,
      "rootEmpty": true,
      "_timeout": 2000
    },
    {
      "uuid": "1bea4636-dea1-4b12-b896-4b013ff9d932",
      "title": "",
      "fullFile": "cypress\\e2e\\webdriver-uni\\datepicker.js",
      "file": "cypress\\e2e\\webdriver-uni\\datepicker.js",
      "beforeHooks": [],
      "afterHooks": [],
      "tests": [],
      "suites": [
        {
          "uuid": "6ef133b2-58d0-4f57-984f-16009875dfce",
          "title": "Test datepicker via webdriveruni",
          "fullFile": "",
          "file": "",
          "beforeHooks": [],
          "afterHooks": [],
          "tests": [
            {
              "title": "Select date from the datepicker",
              "fullTitle": "Test datepicker via webdriveruni Select date from the datepicker",
              "timedOut": null,
              "duration": 3126,
              "state": "passed",
              "speed": "fast",
              "pass": true,
              "fail": false,
              "pending": false,
              "context": null,
              "code": "cy.visit('/');\ncy.get('#datepicker').invoke('removeAttr', 'target').click({\n  force: true\n});\ncy.get('#datepicker').click();\n//create an object for Date class\nvar dt = new Date();\n//setDate() method sets the date value\ndt.setDate(dt.getDate() + 2); //getDate() returns today's day (e.g. 4) + 2 will give value as 6\ndt.setDate(dt.getDate() - 2); //this will give value as 2\ncy.log('Today\\'s day is: ' + dt.getDate());\ncy.log('Two days from today is: ' + (dt.getDate() + 2));\ncy.log('Two days prior to today is: ' + (dt.getDate() - 2));\ndt.setDate(dt.getDate() + 40);\nvar year = dt.getFullYear();\nvar month = dt.getMonth(); //this will give numeric value of month (e.g. 8 for August)\nvar mth = dt.toLocaleString('default', {\n  month: 'long'\n}); //this will give string value of month (e.g. August)\nvar day = dt.getDate();\ncy.log(year + ' ' + mth + ' ' + day);\nselectMonthYear();\nselectDay();\nvar actMonthYear;\nvar actYear;\nvar bPrevYear = false;\nfunction selectMonthYear() {\n  //this will continue to click on Next/Prev until the year matches the expected value\n  cy.get('.datepicker-dropdown').find('.datepicker-switch').first().then(function (monthYear) {\n    actMonthYear = monthYear.text().split(\" \");\n    actYear = Number(actMonthYear[1].trim());\n    if (!monthYear.text().includes(year)) {\n      if (actYear < year) {\n        bChange = true;\n        cy.get('.next:visible').click();\n      } else if (actYear > year) {\n        bPrevYear = true;\n        bChange = true;\n        cy.get('.prev:visible').click();\n      }\n      selectMonthYear();\n    }\n  }).then(function () {\n    //this will continue to click on Next until the month matches the expected value\n    cy.get('.datepicker-dropdown').find('.datepicker-switch').first().then(function (monthYear) {\n      if (!monthYear.text().includes(mth)) {\n        if (bPrevYear === false) {\n          bChange = true;\n          cy.get('.next:visible').click();\n        } else {\n          bChange = true;\n          cy.get('.prev:visible').click();\n        }\n        selectMonthYear();\n      }\n    });\n  });\n  cy.log('In first method' + bChange);\n}\n//this will click on the day of the month that matches the expected value\nfunction selectDay() {\n  if (bChange === true) {\n    cy.get('td[class=day]').contains(day).click();\n  } else if (bChange === false) {\n    cy.get(\"td[class='today day']\").click();\n  }\n}",
              "err": {},
              "uuid": "1a163b69-e236-448e-8daa-e5e7ee960c83",
              "parentUUID": "6ef133b2-58d0-4f57-984f-16009875dfce",
              "isHook": false,
              "skipped": false
            }
          ],
          "suites": [],
          "passes": [
            "1a163b69-e236-448e-8daa-e5e7ee960c83"
          ],
          "failures": [],
          "pending": [],
          "skipped": [],
          "duration": 3126,
          "root": false,
          "rootEmpty": false,
          "_timeout": 2000
        }
      ],
      "passes": [],
      "failures": [],
      "pending": [],
      "skipped": [],
      "duration": 0,
      "root": true,
      "rootEmpty": true,
      "_timeout": 2000
    },
    {
      "uuid": "ff6a237c-3790-4350-b3db-7c608eb1524e",
      "title": "",
      "fullFile": "cypress\\e2e\\webdriver-uni\\file-upload.js",
      "file": "cypress\\e2e\\webdriver-uni\\file-upload.js",
      "beforeHooks": [],
      "afterHooks": [],
      "tests": [],
      "suites": [
        {
          "uuid": "260c16ea-050f-4876-8b43-d252c084b216",
          "title": "Test File Upload via Webdriveruni",
          "fullFile": "",
          "file": "",
          "beforeHooks": [],
          "afterHooks": [],
          "tests": [
            {
              "title": "Upload a file",
              "fullTitle": "Test File Upload via Webdriveruni Upload a file",
              "timedOut": null,
              "duration": 2749,
              "state": "passed",
              "speed": "fast",
              "pass": true,
              "fail": false,
              "pending": false,
              "context": null,
              "code": "cy.get('#myFile').selectFile(\"cypress/fixtures/optym.txt\");",
              "err": {},
              "uuid": "4a9eb025-147d-4575-a3ca-b5088c76a564",
              "parentUUID": "260c16ea-050f-4876-8b43-d252c084b216",
              "isHook": false,
              "skipped": false
            },
            {
              "title": "Upload No file",
              "fullTitle": "Test File Upload via Webdriveruni Upload No file",
              "timedOut": null,
              "duration": 1103,
              "state": "passed",
              "speed": "fast",
              "pass": true,
              "fail": false,
              "pending": false,
              "context": null,
              "code": "",
              "err": {},
              "uuid": "c15b520d-6bdc-4d09-b4e3-a0c469658e07",
              "parentUUID": "260c16ea-050f-4876-8b43-d252c084b216",
              "isHook": false,
              "skipped": false
            }
          ],
          "suites": [],
          "passes": [
            "4a9eb025-147d-4575-a3ca-b5088c76a564",
            "c15b520d-6bdc-4d09-b4e3-a0c469658e07"
          ],
          "failures": [],
          "pending": [],
          "skipped": [],
          "duration": 3852,
          "root": false,
          "rootEmpty": false,
          "_timeout": 2000
        }
      ],
      "passes": [],
      "failures": [],
      "pending": [],
      "skipped": [],
      "duration": 0,
      "root": true,
      "rootEmpty": true,
      "_timeout": 2000
    },
    {
      "uuid": "22e1e57c-59db-4d08-89f1-efc2a347ce8b",
      "title": "",
      "fullFile": "cypress\\e2e\\webdriver-uni\\iframe.js",
      "file": "cypress\\e2e\\webdriver-uni\\iframe.js",
      "beforeHooks": [],
      "afterHooks": [],
      "tests": [],
      "suites": [
        {
          "uuid": "9e1d3876-ffe2-438b-a233-388d6c6b2ca3",
          "title": "Handling iframe and modals",
          "fullFile": "",
          "file": "",
          "beforeHooks": [],
          "afterHooks": [],
          "tests": [
            {
              "title": "Handle webdriveruni iframe and modals",
              "fullTitle": "Handling iframe and modals Handle webdriveruni iframe and modals",
              "timedOut": null,
              "duration": 4107,
              "state": "passed",
              "speed": "fast",
              "pass": true,
              "fail": false,
              "pending": false,
              "context": null,
              "code": "cy.visit('/');\ncy.get('#iframe').invoke('removeAttr', 'target').click({\n  force: true\n});\ncy.get('#frame').then(function ($iframe) {\n  var body = $iframe.contents().find('body');\n  cy.wrap(body).as('iframe');\n});\ncy.get('@iframe').find('#button-find-out-more').click();\ncy.get('@iframe').find('#myModal').as('modal');\ncy.get('@modal').should(function ($expectedText) {\n  var text = $expectedText.text();\n  expect(text).to.include('Welcome to webdriveruniversity.com we sell a wide range of electrical goods');\n});\ncy.get('@modal').contains('Close').click();",
              "err": {},
              "uuid": "2f37be02-b15a-438c-8368-51f0d2d9fff6",
              "parentUUID": "9e1d3876-ffe2-438b-a233-388d6c6b2ca3",
              "isHook": false,
              "skipped": false
            }
          ],
          "suites": [],
          "passes": [
            "2f37be02-b15a-438c-8368-51f0d2d9fff6"
          ],
          "failures": [],
          "pending": [],
          "skipped": [],
          "duration": 4107,
          "root": false,
          "rootEmpty": false,
          "_timeout": 2000
        }
      ],
      "passes": [],
      "failures": [],
      "pending": [],
      "skipped": [],
      "duration": 0,
      "root": true,
      "rootEmpty": true,
      "_timeout": 2000
    },
    {
      "uuid": "fade1bb8-cecb-4e0a-956b-07a89e481a19",
      "title": "",
      "fullFile": "cypress\\e2e\\webdriver-uni\\js-alert.js",
      "file": "cypress\\e2e\\webdriver-uni\\js-alert.js",
      "beforeHooks": [],
      "afterHooks": [],
      "tests": [],
      "suites": [
        {
          "uuid": "a6566080-0e36-48f6-a5d9-03349ecca524",
          "title": "Handle js alerts",
          "fullFile": "",
          "file": "",
          "beforeHooks": [],
          "afterHooks": [],
          "tests": [
            {
              "title": "Validate js alert box using  stub",
              "fullTitle": "Handle js alerts Validate js alert box using  stub",
              "timedOut": null,
              "duration": 2686,
              "state": "passed",
              "speed": "fast",
              "pass": true,
              "fail": false,
              "pending": false,
              "context": null,
              "code": "cy.visit('/');\ncy.get('#popup-alerts').invoke('removeAttr', 'target').click({\n  force: true\n});\nvar stub = cy.stub();\ncy.on('window:confirm', stub);\ncy.get('#button4').click().then(function () {\n  expect(stub.getCall(0)).to.be.calledWith('Press a button!');\n}).then(function () {\n  return true;\n}).then(function () {\n  cy.get('#confirm-alert-text').contains('You pressed OK!');\n});",
              "err": {},
              "uuid": "d0419e81-22f9-4fd7-a0b6-dce3723933f0",
              "parentUUID": "a6566080-0e36-48f6-a5d9-03349ecca524",
              "isHook": false,
              "skipped": false
            }
          ],
          "suites": [],
          "passes": [
            "d0419e81-22f9-4fd7-a0b6-dce3723933f0"
          ],
          "failures": [],
          "pending": [],
          "skipped": [],
          "duration": 2686,
          "root": false,
          "rootEmpty": false,
          "_timeout": 2000
        }
      ],
      "passes": [],
      "failures": [],
      "pending": [],
      "skipped": [],
      "duration": 0,
      "root": true,
      "rootEmpty": true,
      "_timeout": 2000
    },
    {
      "uuid": "5f78f31b-c38e-4899-9c71-1b4eb9c770ab",
      "title": "",
      "fullFile": "cypress\\e2e\\webdriver-uni\\mouse-actions.js",
      "file": "cypress\\e2e\\webdriver-uni\\mouse-actions.js",
      "beforeHooks": [],
      "afterHooks": [],
      "tests": [],
      "suites": [
        {
          "uuid": "0feb4929-735a-46a0-87cf-09f9072bbe61",
          "title": "Test mouse actions",
          "fullFile": "",
          "file": "",
          "beforeHooks": [],
          "afterHooks": [],
          "tests": [
            {
              "title": "I should be able to hold down left mouse click button on a given element",
              "fullTitle": "Test mouse actions I should be able to hold down left mouse click button on a given element",
              "timedOut": null,
              "duration": 2709,
              "state": "passed",
              "speed": "fast",
              "pass": true,
              "fail": false,
              "pending": false,
              "context": null,
              "code": "cy.visit('/');\ncy.get('#actions').scrollIntoView().invoke('removeAttr', 'target').click({\n  force: true\n});\n//hold down left mouse key on an element\ncy.get('#click-box').trigger('mousedown', {\n  which: 1\n}).then(function ($element) {\n  expect($element).to.have.css('background-color', 'rgb(0, 255, 0)');\n});",
              "err": {},
              "uuid": "eee83041-ea64-4ed3-808a-c14f2fd806cd",
              "parentUUID": "0feb4929-735a-46a0-87cf-09f9072bbe61",
              "isHook": false,
              "skipped": false
            }
          ],
          "suites": [],
          "passes": [
            "eee83041-ea64-4ed3-808a-c14f2fd806cd"
          ],
          "failures": [],
          "pending": [],
          "skipped": [],
          "duration": 2709,
          "root": false,
          "rootEmpty": false,
          "_timeout": 2000
        }
      ],
      "passes": [],
      "failures": [],
      "pending": [],
      "skipped": [],
      "duration": 0,
      "root": true,
      "rootEmpty": true,
      "_timeout": 2000
    },
    {
      "uuid": "e49bd294-2dcc-43b4-8b61-3e7cf0e6bf43",
      "title": "",
      "fullFile": "cypress\\e2e\\webdriver-uni\\radio-buttons.js",
      "file": "cypress\\e2e\\webdriver-uni\\radio-buttons.js",
      "beforeHooks": [],
      "afterHooks": [],
      "tests": [],
      "suites": [
        {
          "uuid": "83703d35-fb2a-448e-87da-a2c4a05c7f0e",
          "title": "Verify radiobuttons via webdriveruni",
          "fullFile": "",
          "file": "",
          "beforeHooks": [],
          "afterHooks": [],
          "tests": [
            {
              "title": "Check specific radiobuttons",
              "fullTitle": "Verify radiobuttons via webdriveruni Check specific radiobuttons",
              "timedOut": null,
              "duration": 3009,
              "state": "passed",
              "speed": "fast",
              "pass": true,
              "fail": false,
              "pending": false,
              "context": null,
              "code": "cy.get('#radio-buttons').find(\"[type='radio']\").first().check();\ncy.get('#radio-buttons').find(\"[type='radio']\").eq(1).check();",
              "err": {},
              "uuid": "5493609b-1f03-44b1-8464-ae63e6fadd99",
              "parentUUID": "83703d35-fb2a-448e-87da-a2c4a05c7f0e",
              "isHook": false,
              "skipped": false
            },
            {
              "title": "Validate the states of specific radiobuttons",
              "fullTitle": "Verify radiobuttons via webdriveruni Validate the states of specific radiobuttons",
              "timedOut": null,
              "duration": 1394,
              "state": "passed",
              "speed": "fast",
              "pass": true,
              "fail": false,
              "pending": false,
              "context": null,
              "code": "cy.get(\"[value='lettuce']\").should('not.be.checked');\ncy.get(\"[value='cabbage']\").should('be.disabled');\ncy.get(\"[value='pumpkin']\").should('be.checked');\ncy.get(\"[value='lettuce']\").check().should('be.checked');",
              "err": {},
              "uuid": "0891f1ce-6aac-4977-ada4-38313e4c69b6",
              "parentUUID": "83703d35-fb2a-448e-87da-a2c4a05c7f0e",
              "isHook": false,
              "skipped": false
            }
          ],
          "suites": [],
          "passes": [
            "5493609b-1f03-44b1-8464-ae63e6fadd99",
            "0891f1ce-6aac-4977-ada4-38313e4c69b6"
          ],
          "failures": [],
          "pending": [],
          "skipped": [],
          "duration": 4403,
          "root": false,
          "rootEmpty": false,
          "_timeout": 2000
        }
      ],
      "passes": [],
      "failures": [],
      "pending": [],
      "skipped": [],
      "duration": 0,
      "root": true,
      "rootEmpty": true,
      "_timeout": 2000
    },
    {
      "uuid": "7f8bb5fe-4eaf-4d39-9711-6be238a68837",
      "title": "",
      "fullFile": "cypress\\e2e\\webdriver-uni\\select-dropdown-list.js",
      "file": "cypress\\e2e\\webdriver-uni\\select-dropdown-list.js",
      "beforeHooks": [],
      "afterHooks": [],
      "tests": [],
      "suites": [
        {
          "uuid": "712d56df-4b31-4888-be24-b21ad0fe2dec",
          "title": "Itneract with dropdown lists via webdriveruni",
          "fullFile": "",
          "file": "",
          "beforeHooks": [],
          "afterHooks": [],
          "tests": [
            {
              "title": "Select specific values via select dropdown lists",
              "fullTitle": "Itneract with dropdown lists via webdriveruni Select specific values via select dropdown lists",
              "timedOut": null,
              "duration": 4039,
              "state": "passed",
              "speed": "fast",
              "pass": true,
              "fail": false,
              "pending": false,
              "context": null,
              "code": "cy.visit('/');\ncy.get('#dropdown-checkboxes-radiobuttons').invoke('removeAttr', 'target').click({\n  force: true\n});\n//select based on index\ncy.get('#dropdowm-menu-1').select(1);\n//select based on attribute value\ncy.get('#dropdowm-menu-2').select('maven').should('have.value', 'maven');\n//select based on text\ncy.get('#dropdowm-menu-2').select('TestNG').contains('TestNG');\ncy.get('#dropdowm-menu-3').select('JavaScript').contains('JavaScript');",
              "err": {},
              "uuid": "951e3c35-f73e-42ca-a751-6d5fc80702b7",
              "parentUUID": "712d56df-4b31-4888-be24-b21ad0fe2dec",
              "isHook": false,
              "skipped": false
            }
          ],
          "suites": [],
          "passes": [
            "951e3c35-f73e-42ca-a751-6d5fc80702b7"
          ],
          "failures": [],
          "pending": [],
          "skipped": [],
          "duration": 4039,
          "root": false,
          "rootEmpty": false,
          "_timeout": 2000
        }
      ],
      "passes": [],
      "failures": [],
      "pending": [],
      "skipped": [],
      "duration": 0,
      "root": true,
      "rootEmpty": true,
      "_timeout": 2000
    },
    {
      "uuid": "3fd1b12f-ba45-4f2a-96fe-832b020aec99",
      "title": "",
      "fullFile": "cypress\\e2e\\webdriver-uni\\traversing-elements.js",
      "file": "cypress\\e2e\\webdriver-uni\\traversing-elements.js",
      "beforeHooks": [],
      "afterHooks": [],
      "tests": [],
      "suites": [
        {
          "uuid": "328668c5-e706-4686-a1f5-8b237005331f",
          "title": "Traversing DOM elements in Cypress",
          "fullFile": "",
          "file": "",
          "beforeHooks": [],
          "afterHooks": [],
          "tests": [
            {
              "title": "children() to get the children of DOM elements",
              "fullTitle": "Traversing DOM elements in Cypress children() to get the children of DOM elements",
              "timedOut": null,
              "duration": 2693,
              "state": "passed",
              "speed": "fast",
              "pass": true,
              "fail": false,
              "pending": false,
              "context": null,
              "code": "cy.get('.traversal-breadcrumb').children('.active').should('contain', 'Contact Us');",
              "err": {},
              "uuid": "871708a6-a5d8-4c4c-b092-b7256f9a7d23",
              "parentUUID": "328668c5-e706-4686-a1f5-8b237005331f",
              "isHook": false,
              "skipped": false
            },
            {
              "title": "closest() to validate the closest ancestor DOM element",
              "fullTitle": "Traversing DOM elements in Cypress closest() to validate the closest ancestor DOM element",
              "timedOut": null,
              "duration": 1102,
              "state": "passed",
              "speed": "fast",
              "pass": true,
              "fail": false,
              "pending": false,
              "context": null,
              "code": "cy.get('.traversal-badge').closest('ul').should('have.class', 'list-group');",
              "err": {},
              "uuid": "37c9d2e1-826a-4c04-bec0-be0e71de3d37",
              "parentUUID": "328668c5-e706-4686-a1f5-8b237005331f",
              "isHook": false,
              "skipped": false
            },
            {
              "title": "eq() to retrieve a specific element based on index",
              "fullTitle": "Traversing DOM elements in Cypress eq() to retrieve a specific element based on index",
              "timedOut": null,
              "duration": 1265,
              "state": "passed",
              "speed": "fast",
              "pass": true,
              "fail": false,
              "pending": false,
              "context": null,
              "code": "cy.get('.traversal-drinks-list > *').eq(2).should('contain', 'Milk');",
              "err": {},
              "uuid": "1729da89-1d80-42c0-855e-976f8911714b",
              "parentUUID": "328668c5-e706-4686-a1f5-8b237005331f",
              "isHook": false,
              "skipped": false
            },
            {
              "title": "filter() to retrieve DOM elements that match a specific selector",
              "fullTitle": "Traversing DOM elements in Cypress filter() to retrieve DOM elements that match a specific selector",
              "timedOut": null,
              "duration": 1536,
              "state": "passed",
              "speed": "fast",
              "pass": true,
              "fail": false,
              "pending": false,
              "context": null,
              "code": "cy.get('.btn-group-toggle > *').filter('.active').should('contain', 'Button-1');",
              "err": {},
              "uuid": "a4f5447f-da7d-4ea2-85b8-27f5a2a9f6ec",
              "parentUUID": "328668c5-e706-4686-a1f5-8b237005331f",
              "isHook": false,
              "skipped": false
            },
            {
              "title": "find() to retrieve DOM elements of a given selector",
              "fullTitle": "Traversing DOM elements in Cypress find() to retrieve DOM elements of a given selector",
              "timedOut": null,
              "duration": 1070,
              "state": "passed",
              "speed": "fast",
              "pass": true,
              "fail": false,
              "pending": false,
              "context": null,
              "code": "cy.get('.traversal-pagination').find('li').find('a').should('have.length', 7);",
              "err": {},
              "uuid": "51eae42b-39d5-495b-8fd1-a5379e0370fd",
              "parentUUID": "328668c5-e706-4686-a1f5-8b237005331f",
              "isHook": false,
              "skipped": false
            },
            {
              "title": "first() to retrieve the first DOM element within elements ",
              "fullTitle": "Traversing DOM elements in Cypress first() to retrieve the first DOM element within elements ",
              "timedOut": null,
              "duration": 1027,
              "state": "passed",
              "speed": "fast",
              "pass": true,
              "fail": false,
              "pending": false,
              "context": null,
              "code": "cy.get('.traversal-table > tbody > tr > td').first().should('contain', 'Andy');",
              "err": {},
              "uuid": "123fe8de-c3ee-412a-be4b-dfadb30f6750",
              "parentUUID": "328668c5-e706-4686-a1f5-8b237005331f",
              "isHook": false,
              "skipped": false
            },
            {
              "title": "last() to retrieve the last DOM element within elements",
              "fullTitle": "Traversing DOM elements in Cypress last() to retrieve the last DOM element within elements",
              "timedOut": null,
              "duration": 1033,
              "state": "passed",
              "speed": "fast",
              "pass": true,
              "fail": false,
              "pending": false,
              "context": null,
              "code": "cy.get('.traversal-table > tbody > tr > td').last().should('contain', 'Scott');",
              "err": {},
              "uuid": "bb451a92-3861-45c9-a393-f781cb5b5938",
              "parentUUID": "328668c5-e706-4686-a1f5-8b237005331f",
              "isHook": false,
              "skipped": false
            },
            {
              "title": "nextAll() to get all of the next sibling DOM elements within elements",
              "fullTitle": "Traversing DOM elements in Cypress nextAll() to get all of the next sibling DOM elements within elements",
              "timedOut": null,
              "duration": 1193,
              "state": "passed",
              "speed": "fast",
              "pass": true,
              "fail": false,
              "pending": false,
              "context": null,
              "code": "cy.get('.traversal-drinks-list').contains('Tea').nextAll().should('have.length', '3');",
              "err": {},
              "uuid": "a93d2226-094b-4279-b0bc-f8289e0159db",
              "parentUUID": "328668c5-e706-4686-a1f5-8b237005331f",
              "isHook": false,
              "skipped": false
            },
            {
              "title": "nextUntil() to get all of the next sibling DOM elements within elements until another element",
              "fullTitle": "Traversing DOM elements in Cypress nextUntil() to get all of the next sibling DOM elements within elements until another element",
              "timedOut": null,
              "duration": 943,
              "state": "passed",
              "speed": "fast",
              "pass": true,
              "fail": false,
              "pending": false,
              "context": null,
              "code": "cy.get('#coffee').nextUntil('#milk');",
              "err": {},
              "uuid": "6f16b8a1-d418-4797-a981-93720a45e158",
              "parentUUID": "328668c5-e706-4686-a1f5-8b237005331f",
              "isHook": false,
              "skipped": false
            },
            {
              "title": "not() to remove DOM element(s) from the set of elements",
              "fullTitle": "Traversing DOM elements in Cypress not() to remove DOM element(s) from the set of elements",
              "timedOut": null,
              "duration": 1113,
              "state": "passed",
              "speed": "fast",
              "pass": true,
              "fail": false,
              "pending": false,
              "context": null,
              "code": "cy.get('.traversal-button-states > button').not('.disabled').should('have.length', '3');\ncy.get('.traversal-button-states > button').not('.disabled').should('not.have.class', 'disabled');",
              "err": {},
              "uuid": "98954408-eff1-4e0c-8139-a6b1e9a8dcf5",
              "parentUUID": "328668c5-e706-4686-a1f5-8b237005331f",
              "isHook": false,
              "skipped": false
            },
            {
              "title": "parent() To get parent DOM element of elements",
              "fullTitle": "Traversing DOM elements in Cypress parent() To get parent DOM element of elements",
              "timedOut": null,
              "duration": 1047,
              "state": "passed",
              "speed": "fast",
              "pass": true,
              "fail": false,
              "pending": false,
              "context": null,
              "code": "cy.get('.traversal-mark').parent().should('contain', 'Lorem');",
              "err": {},
              "uuid": "a53de153-3f63-4c8d-8be3-031a4ffd9a96",
              "parentUUID": "328668c5-e706-4686-a1f5-8b237005331f",
              "isHook": false,
              "skipped": false
            },
            {
              "title": "parents() to get parents DOM element of elements",
              "fullTitle": "Traversing DOM elements in Cypress parents() to get parents DOM element of elements",
              "timedOut": null,
              "duration": 1105,
              "state": "passed",
              "speed": "fast",
              "pass": true,
              "fail": false,
              "pending": false,
              "context": null,
              "code": "cy.get('.traversal-cite').parents().should('match', 'blockquote');\ncy.get('.traversal-cite').parents().should('have.class', 'traversal-cite-text');",
              "err": {},
              "uuid": "014d5f14-24db-4d84-a31b-ff79a6941dd6",
              "parentUUID": "328668c5-e706-4686-a1f5-8b237005331f",
              "isHook": false,
              "skipped": false
            },
            {
              "title": "prev() to get the previous sibling DOM element within elements",
              "fullTitle": "Traversing DOM elements in Cypress prev() to get the previous sibling DOM element within elements",
              "timedOut": null,
              "duration": 1823,
              "state": "passed",
              "speed": "fast",
              "pass": true,
              "fail": false,
              "pending": false,
              "context": null,
              "code": "cy.get('#sugar').prev().should('contain', 'Espresso');",
              "err": {},
              "uuid": "eeeb7a65-627a-41dc-8d29-49fc3c4875c8",
              "parentUUID": "328668c5-e706-4686-a1f5-8b237005331f",
              "isHook": false,
              "skipped": false
            },
            {
              "title": "prevAll() to get all previous sibling DOM elements within elements",
              "fullTitle": "Traversing DOM elements in Cypress prevAll() to get all previous sibling DOM elements within elements",
              "timedOut": null,
              "duration": 1197,
              "state": "passed",
              "speed": "fast",
              "pass": true,
              "fail": false,
              "pending": false,
              "context": null,
              "code": "cy.get('#sugar').prevAll().should('have.length', '4');",
              "err": {},
              "uuid": "bc8d3022-53a0-4c42-ae76-bfab59e959a8",
              "parentUUID": "328668c5-e706-4686-a1f5-8b237005331f",
              "isHook": false,
              "skipped": false
            },
            {
              "title": "prevUntil() to get all previous sibling DOM elements within elements until other element",
              "fullTitle": "Traversing DOM elements in Cypress prevUntil() to get all previous sibling DOM elements within elements until other element",
              "timedOut": null,
              "duration": 1184,
              "state": "passed",
              "speed": "fast",
              "pass": true,
              "fail": false,
              "pending": false,
              "context": null,
              "code": "cy.get('#veggie').prevUntil('#fruits').should('have.length', '5');",
              "err": {},
              "uuid": "b50d9f62-cbdd-4a95-ac16-7dc9a2b8836d",
              "parentUUID": "328668c5-e706-4686-a1f5-8b237005331f",
              "isHook": false,
              "skipped": false
            },
            {
              "title": "siblings() To get all sibling DOM elements of elements",
              "fullTitle": "Traversing DOM elements in Cypress siblings() To get all sibling DOM elements of elements",
              "timedOut": null,
              "duration": 874,
              "state": "passed",
              "speed": "fast",
              "pass": true,
              "fail": false,
              "pending": false,
              "context": null,
              "code": "cy.get('.btn-group-toggle .active').siblings().should('have.length', '3');",
              "err": {},
              "uuid": "e2b0e8a3-d9f0-4608-86b8-77ef6cd6e41e",
              "parentUUID": "328668c5-e706-4686-a1f5-8b237005331f",
              "isHook": false,
              "skipped": false
            }
          ],
          "suites": [],
          "passes": [
            "871708a6-a5d8-4c4c-b092-b7256f9a7d23",
            "37c9d2e1-826a-4c04-bec0-be0e71de3d37",
            "1729da89-1d80-42c0-855e-976f8911714b",
            "a4f5447f-da7d-4ea2-85b8-27f5a2a9f6ec",
            "51eae42b-39d5-495b-8fd1-a5379e0370fd",
            "123fe8de-c3ee-412a-be4b-dfadb30f6750",
            "bb451a92-3861-45c9-a393-f781cb5b5938",
            "a93d2226-094b-4279-b0bc-f8289e0159db",
            "6f16b8a1-d418-4797-a981-93720a45e158",
            "98954408-eff1-4e0c-8139-a6b1e9a8dcf5",
            "a53de153-3f63-4c8d-8be3-031a4ffd9a96",
            "014d5f14-24db-4d84-a31b-ff79a6941dd6",
            "eeeb7a65-627a-41dc-8d29-49fc3c4875c8",
            "bc8d3022-53a0-4c42-ae76-bfab59e959a8",
            "b50d9f62-cbdd-4a95-ac16-7dc9a2b8836d",
            "e2b0e8a3-d9f0-4608-86b8-77ef6cd6e41e"
          ],
          "failures": [],
          "pending": [],
          "skipped": [],
          "duration": 20205,
          "root": false,
          "rootEmpty": false,
          "_timeout": 2000
        }
      ],
      "passes": [],
      "failures": [],
      "pending": [],
      "skipped": [],
      "duration": 0,
      "root": true,
      "rootEmpty": true,
      "_timeout": 2000
    },
    {
      "uuid": "03c79165-be7d-4fd9-88a0-5be1a748dac3",
      "title": "",
      "fullFile": "cypress\\e2e\\webdriver-uni\\autocomplete-dropdown-list.js",
      "file": "cypress\\e2e\\webdriver-uni\\autocomplete-dropdown-list.js",
      "beforeHooks": [],
      "afterHooks": [],
      "tests": [],
      "suites": [
        {
          "uuid": "47543351-3146-4edc-91d0-57266f8169aa",
          "title": "Verify autocomplete dropdown lists via webdriveruni",
          "fullFile": "",
          "file": "",
          "beforeHooks": [],
          "afterHooks": [],
          "tests": [
            {
              "title": "Select specific product via autocomplete dropdown lists",
              "fullTitle": "Verify autocomplete dropdown lists via webdriveruni Select specific product via autocomplete dropdown lists",
              "timedOut": null,
              "duration": 6365,
              "state": "passed",
              "speed": "medium",
              "pass": true,
              "fail": false,
              "pending": false,
              "context": null,
              "code": "cy.visit('/');\ncy.get('#autocomplete-textfield').invoke('removeAttr', 'target').click({\n  force: true\n});\ncy.get(\"[name='food-item']\").type('A');\ncy.get('#myInputautocomplete-list > *').each(function ($el, index, $list) {\n  var prod = $el.text();\n  var prodToSelect = 'Almond';\n  if (prod === prodToSelect) {\n    // $el.click()\n    $el.trigger('click');\n    cy.get('#submit-button').click();\n    cy.url().should('include', prodToSelect);\n  }\n}).then(function () {\n  cy.get(\"[name='food-item']\").type('G');\n  cy.get('#myInputautocomplete-list > *').each(function ($el, index, $list) {\n    var prod = $el.text();\n    var prodToSelect = 'Grapes';\n    if (prod === prodToSelect) {\n      // $el.click()\n      $el.trigger('click');\n      cy.get('#submit-button').click();\n      cy.url().should('include', prodToSelect);\n    }\n  });\n});",
              "err": {},
              "uuid": "530f4450-d714-4881-88d2-e490ec0f2c09",
              "parentUUID": "47543351-3146-4edc-91d0-57266f8169aa",
              "isHook": false,
              "skipped": false
            }
          ],
          "suites": [],
          "passes": [
            "530f4450-d714-4881-88d2-e490ec0f2c09"
          ],
          "failures": [],
          "pending": [],
          "skipped": [],
          "duration": 6365,
          "root": false,
          "rootEmpty": false,
          "_timeout": 2000
        }
      ],
      "passes": [],
      "failures": [],
      "pending": [],
      "skipped": [],
      "duration": 0,
      "root": true,
      "rootEmpty": true,
      "_timeout": 2000
    }
  ],
  "meta": {
    "mocha": {
      "version": "7.0.1"
    },
    "mochawesome": {
      "options": {
        "quiet": false,
        "reportFilename": "mochawesome",
        "saveHtml": false,
        "saveJson": true,
        "consoleReporter": "spec",
        "useInlineDiffs": false,
        "code": true
      },
      "version": "7.1.3"
    },
    "marge": {
      "options": {
        "id": "default",
        "reportDir": "cypress/results/mochawesome",
        "quite": true,
        "overwrite": false,
        "html": false,
        "json": true
      },
      "version": "6.2.0"
    }
  }
}